<?xml version="1.0" encoding="UTF-8"?>
<testng-results ignored="0" total="1" passed="1" failed="0" skipped="0">
  <reporter-output>
  </reporter-output>
  <suite started-at="2019-01-11T11:40:16Z" name="Default suite" finished-at="2019-01-11T11:40:29Z" duration-ms="12350">
    <groups>
    </groups>
    <test started-at="2019-01-11T11:40:16Z" name="Default test" finished-at="2019-01-11T11:40:29Z" duration-ms="12350">
      <class name="login.logintest">
        <test-method is-config="true" signature="loginsetup()[pri:0, instance:login.logintest@1e178745]" started-at="2019-01-11T11:40:16Z" name="loginsetup" finished-at="2019-01-11T11:40:23Z" duration-ms="6713" status="PASS">
          <reporter-output>
          </reporter-output>
        </test-method> <!-- loginsetup -->
        <test-method signature="test()[pri:0, instance:login.logintest@1e178745]" started-at="2019-01-11T11:40:23Z" name="test" finished-at="2019-01-11T11:40:28Z" duration-ms="4827" status="PASS">
          <reporter-output>
          </reporter-output>
        </test-method> <!-- test -->
        <test-method is-config="true" signature="aftertest()[pri:0, instance:login.logintest@1e178745]" started-at="2019-01-11T11:40:28Z" name="aftertest" finished-at="2019-01-11T11:40:29Z" duration-ms="790" status="PASS">
          <reporter-output>
          </reporter-output>
        </test-method> <!-- aftertest -->
      </class> <!-- login.logintest -->
    </test> <!-- Default test -->
  </suite> <!-- Default suite -->
</testng-results>
